c:\dev\vortexengine\bin-int\debug-x64\vortex\vc142.pdb
c:\dev\vortexengine\bin-int\debug-x64\vortex\vc142.idb
c:\dev\vortexengine\bin-int\debug-x64\vortex\window.obj
c:\dev\vortexengine\bin-int\debug-x64\vortex\application.obj
c:\dev\vortexengine\bin\debug-x64\vortex\vortex.dll
c:\dev\vortexengine\bin\debug-x64\vortex\vortex.ilk
c:\dev\vortexengine\bin\debug-x64\vortex\vortex.pdb
c:\dev\vortexengine\bin\debug-x64\vortex\vortex.lib
c:\dev\vortexengine\bin\debug-x64\vortex\vortex.exp
c:\dev\vortexengine\bin-int\debug-x64\vortex\vortex.tlog\cl.command.1.tlog
c:\dev\vortexengine\bin-int\debug-x64\vortex\vortex.tlog\cl.read.1.tlog
c:\dev\vortexengine\bin-int\debug-x64\vortex\vortex.tlog\cl.write.1.tlog
c:\dev\vortexengine\bin-int\debug-x64\vortex\vortex.tlog\link.12452.delete.1.tlog
c:\dev\vortexengine\bin-int\debug-x64\vortex\vortex.tlog\link.1520.delete.1.tlog
c:\dev\vortexengine\bin-int\debug-x64\vortex\vortex.tlog\link.16572.delete.1.tlog
c:\dev\vortexengine\bin-int\debug-x64\vortex\vortex.tlog\link.16764.delete.1.tlog
c:\dev\vortexengine\bin-int\debug-x64\vortex\vortex.tlog\link.18928.delete.1.tlog
c:\dev\vortexengine\bin-int\debug-x64\vortex\vortex.tlog\link.19564.delete.1.tlog
c:\dev\vortexengine\bin-int\debug-x64\vortex\vortex.tlog\link.20596.delete.1.tlog
c:\dev\vortexengine\bin-int\debug-x64\vortex\vortex.tlog\link.2428.delete.1.tlog
c:\dev\vortexengine\bin-int\debug-x64\vortex\vortex.tlog\link.3868.delete.1.tlog
c:\dev\vortexengine\bin-int\debug-x64\vortex\vortex.tlog\link.5816.delete.1.tlog
c:\dev\vortexengine\bin-int\debug-x64\vortex\vortex.tlog\link.7084.delete.1.tlog
c:\dev\vortexengine\bin-int\debug-x64\vortex\vortex.tlog\link.command.1.tlog
c:\dev\vortexengine\bin-int\debug-x64\vortex\vortex.tlog\link.delete.1.tlog
c:\dev\vortexengine\bin-int\debug-x64\vortex\vortex.tlog\link.read.1.tlog
c:\dev\vortexengine\bin-int\debug-x64\vortex\vortex.tlog\link.write.1.tlog
c:\dev\vortexengine\bin-int\debug-x64\vortex\vortex.tlog\vortex.write.1u.tlog
